<?xml version="1.0" encoding="UTF-8"?>
<!-- Generated by org.testng.reporters.JUnitReportReporter -->
<testsuite skipped="0" hostname="LAPTOP-R1IBFQ0J" name="com.qa.easy.testcases.Log4jtest" tests="2" failures="0" timestamp="26 Jul 2019 19:00:28 GMT" time="22.915" errors="0">
  <testcase name="logspclick" time="8.532" classname="com.qa.easy.testcases.Log4jtest"/>
  <testcase name="downloadPDF" time="14.383" classname="com.qa.easy.testcases.Log4jtest"/>
</testsuite> <!-- com.qa.easy.testcases.Log4jtest -->
