<?xml version="1.0" encoding="UTF-8"?>
<!-- Generated by org.testng.reporters.JUnitReportReporter -->
<testsuite skipped="0" hostname="LAPTOP-R1IBFQ0J" name="com.qa.easy.testcases.Log4jtest" tests="1" failures="0" timestamp="24 Jul 2019 08:23:34 GMT" time="12.705" errors="0">
  <testcase name="logspclick" time="12.705" classname="com.qa.easy.testcases.Log4jtest"/>
</testsuite> <!-- com.qa.easy.testcases.Log4jtest -->
