<?xml version="1.0" encoding="UTF-8"?>
<!-- Generated by org.testng.reporters.JUnitReportReporter -->
<testsuite skipped="0" hostname="LAPTOP-R1IBFQ0J" name="com.qa.easy.testcases.Log4jtest" tests="2" failures="0" timestamp="25 Jul 2019 07:35:51 GMT" time="24.593" errors="0">
  <testcase name="logspclick" time="12.420" classname="com.qa.easy.testcases.Log4jtest"/>
  <testcase name="downloadPDF" time="12.173" classname="com.qa.easy.testcases.Log4jtest"/>
</testsuite> <!-- com.qa.easy.testcases.Log4jtest -->
