<?xml version="1.0" encoding="UTF-8"?>
<!-- Generated by org.testng.reporters.JUnitReportReporter -->
<testsuite skipped="0" hostname="LAPTOP-R1IBFQ0J" name="com.qa.easy.testcases.Log4jtest" tests="2" failures="0" timestamp="29 Jul 2019 06:51:37 GMT" time="27.877" errors="0">
  <testcase name="logspclick" time="12.584" classname="com.qa.easy.testcases.Log4jtest"/>
  <testcase name="downloadPDF" time="15.293" classname="com.qa.easy.testcases.Log4jtest"/>
</testsuite> <!-- com.qa.easy.testcases.Log4jtest -->
