<?xml version="1.0" encoding="UTF-8"?>
<!-- Generated by org.testng.reporters.JUnitReportReporter -->
<testsuite skipped="0" hostname="LAPTOP-R1IBFQ0J" name="com.qa.easy.testcases.Log4jtest" tests="2" failures="0" timestamp="25 Jul 2019 13:03:34 GMT" time="35.465" errors="0">
  <testcase name="logspclick" time="18.604" classname="com.qa.easy.testcases.Log4jtest"/>
  <testcase name="downloadPDF" time="16.861" classname="com.qa.easy.testcases.Log4jtest"/>
</testsuite> <!-- com.qa.easy.testcases.Log4jtest -->
