<?xml version="1.0" encoding="UTF-8"?>
<!-- Generated by org.testng.reporters.JUnitReportReporter -->
<testsuite skipped="0" hostname="LAPTOP-R1IBFQ0J" name="com.qa.easy.testcases.TestNGtest" tests="2" failures="0" timestamp="25 Jul 2019 13:03:34 GMT" time="45.899" errors="0">
  <testcase name="TestNGLinkHighlight" time="25.685" classname="com.qa.easy.testcases.TestNGtest"/>
  <testcase name="TestNGHeader" time="20.214" classname="com.qa.easy.testcases.TestNGtest"/>
</testsuite> <!-- com.qa.easy.testcases.TestNGtest -->
