<?xml version="1.0" encoding="UTF-8"?>
<!-- Generated by org.testng.reporters.JUnitReportReporter -->
<testsuite skipped="0" hostname="LAPTOP-R1IBFQ0J" name="com.qa.easy.testcases.TestNGtest" tests="2" failures="0" timestamp="19 Jul 2019 17:27:16 GMT" time="54.548" errors="0">
  <testcase name="TestNGLinkHighlight" time="15.718" classname="com.qa.easy.testcases.TestNGtest"/>
  <testcase name="TestNGHeader" time="38.830" classname="com.qa.easy.testcases.TestNGtest"/>
</testsuite> <!-- com.qa.easy.testcases.TestNGtest -->
