<?xml version="1.0" encoding="UTF-8"?>
<!-- Generated by org.testng.reporters.JUnitReportReporter -->
<testsuite skipped="0" hostname="LAPTOP-R1IBFQ0J" name="com.qa.easy.testcases.Demotest" tests="3" failures="0" timestamp="29 Jul 2019 06:18:39 GMT" time="62.087" errors="0">
  <testcase name="searchfilter" time="26.240" classname="com.qa.easy.testcases.Demotest"/>
  <testcase name="searchfilter" time="21.942" classname="com.qa.easy.testcases.Demotest"/>
  <testcase name="searchfilter" time="13.905" classname="com.qa.easy.testcases.Demotest"/>
</testsuite> <!-- com.qa.easy.testcases.Demotest -->
