<?xml version="1.0" encoding="UTF-8"?>
<!-- Generated by org.testng.reporters.JUnitReportReporter -->
<testsuite skipped="0" hostname="LAPTOP-R1IBFQ0J" name="com.qa.easy.testcases.TestNGtest" tests="2" failures="0" timestamp="29 Jul 2019 06:51:37 GMT" time="44.288" errors="0">
  <testcase name="TestNGLinkHighlight" time="17.566" classname="com.qa.easy.testcases.TestNGtest"/>
  <testcase name="TestNGHeader" time="26.722" classname="com.qa.easy.testcases.TestNGtest"/>
</testsuite> <!-- com.qa.easy.testcases.TestNGtest -->
