<?xml version="1.0" encoding="UTF-8"?>
<!-- Generated by org.testng.reporters.JUnitReportReporter -->
<testsuite skipped="0" hostname="LAPTOP-R1IBFQ0J" name="com.qa.easy.testcases.TestNGtest" tests="2" failures="0" timestamp="26 Jul 2019 19:00:28 GMT" time="34.983" errors="0">
  <testcase name="TestNGLinkHighlight" time="19.858" classname="com.qa.easy.testcases.TestNGtest"/>
  <testcase name="TestNGHeader" time="15.125" classname="com.qa.easy.testcases.TestNGtest"/>
</testsuite> <!-- com.qa.easy.testcases.TestNGtest -->
