<?xml version="1.0" encoding="UTF-8"?>
<!-- Generated by org.testng.reporters.JUnitReportReporter -->
<testsuite skipped="0" hostname="LAPTOP-R1IBFQ0J" name="com.qa.easy.testcases.Log4jtest" tests="2" failures="0" timestamp="24 Jul 2019 06:55:20 GMT" time="29.568" errors="0">
  <testcase name="logspclick" time="12.801" classname="com.qa.easy.testcases.Log4jtest"/>
  <testcase name="downloadPDF" time="16.767" classname="com.qa.easy.testcases.Log4jtest"/>
</testsuite> <!-- com.qa.easy.testcases.Log4jtest -->
