<?xml version="1.0" encoding="UTF-8"?>
<!-- Generated by org.testng.reporters.JUnitReportReporter -->
<testsuite skipped="0" hostname="LAPTOP-R1IBFQ0J" name="com.qa.easy.testcases.Demotest" tests="1" failures="0" timestamp="22 Jul 2019 13:30:08 GMT" time="7.195" errors="0">
  <testcase name="cbtLogo" time="7.195" classname="com.qa.easy.testcases.Demotest"/>
</testsuite> <!-- com.qa.easy.testcases.Demotest -->
